[35m[1mConsolidate compiler generated dependencies of target my_opencv[0m
[ 50%] [32mBuilding CXX object CMakeFiles/my_opencv.dir/src/my_opencv.cpp.o[0m
[01m[K/workspaces/autoAim/wkspace/src/opencv_use/src/my_opencv.cpp:[m[K In constructor â€˜[01m[KImgTransport::ImgTransport()[m[Kâ€™:
[01m[K/workspaces/autoAim/wkspace/src/opencv_use/src/my_opencv.cpp:13:3:[m[K [01;31m[Kerror: [m[Kexpected â€˜[01m[K;[m[Kâ€™ before â€˜[01m[K}[m[Kâ€™ token
   13 |   [01;31m[K}[m[K
      |   [01;31m[K^[m[K
gmake[2]: *** [CMakeFiles/my_opencv.dir/build.make:76: CMakeFiles/my_opencv.dir/src/my_opencv.cpp.o] Error 1
gmake[1]: *** [CMakeFiles/Makefile2:137: CMakeFiles/my_opencv.dir/all] Error 2
gmake: *** [Makefile:146: all] Error 2
