[0.004s] Invoking command in '/workspaces/autoAim/wkspace/src/build/opencv_use': CMAKE_PREFIX_PATH=/opt/ros/humble /usr/bin/cmake --build /workspaces/autoAim/wkspace/src/build/opencv_use -- -j16 -l16
[0.005s] [35m[1mConsolidate compiler generated dependencies of target my_opencv[0m
[0.006s] [ 50%] [32mBuilding CXX object CMakeFiles/my_opencv.dir/src/my_opencv.cpp.o[0m
[0.006s] [01m[K/workspaces/autoAim/wkspace/src/opencv_use/src/my_opencv.cpp:[m[K In constructor â€˜[01m[KImgTransport::ImgTransport()[m[Kâ€™:
[0.006s] [01m[K/workspaces/autoAim/wkspace/src/opencv_use/src/my_opencv.cpp:13:3:[m[K [01;31m[Kerror: [m[Kexpected â€˜[01m[K;[m[Kâ€™ before â€˜[01m[K}[m[Kâ€™ token
[0.006s]    13 |   [01;31m[K}[m[K
[0.006s]       |   [01;31m[K^[m[K
[0.006s] gmake[2]: *** [CMakeFiles/my_opencv.dir/build.make:76: CMakeFiles/my_opencv.dir/src/my_opencv.cpp.o] Error 1
[0.006s] gmake[1]: *** [CMakeFiles/Makefile2:137: CMakeFiles/my_opencv.dir/all] Error 2
[0.006s] gmake: *** [Makefile:146: all] Error 2
[0.007s] Invoked command in '/workspaces/autoAim/wkspace/src/build/opencv_use' returned '2': CMAKE_PREFIX_PATH=/opt/ros/humble /usr/bin/cmake --build /workspaces/autoAim/wkspace/src/build/opencv_use -- -j16 -l16
